
  .   ____          _            __ _ _
 /\\ / ___'_ __ _ _(_)_ __  __ _ \ \ \ \
( ( )\___ | '_ | '_| | '_ \/ _` | \ \ \ \
 \\/  ___)| |_)| | | | | || (_| |  ) ) ) )
  '  |____| .__|_| |_|_| |_\__, | / / / /
 =========|_|==============|___/=/_/_/_/
 :: Spring Boot ::        (v2.1.5.RELEASE)

2019-06-17 10:09:20.743  INFO 7548 --- [           main] c.z.s.SpeakerRecognitionApiApplication   : Starting SpeakerRecognitionApiApplication on znevzz-Vostro-3478 with PID 7548 (/home/znevzz/Desktop/Projects/Others/speechtotext-using-azure-api/speaker_recognition/module/speaker_recognition_api/target/classes started by znevzz in /home/znevzz/Desktop/Projects/Others/speechtotext-using-azure-api/speaker_recognition/module/speaker_recognition_api)
2019-06-17 10:09:20.746  INFO 7548 --- [           main] c.z.s.SpeakerRecognitionApiApplication   : The following profiles are active: default,mock
2019-06-17 10:09:22.604  INFO 7548 --- [           main] o.s.b.w.embedded.tomcat.TomcatWebServer  : Tomcat initialized with port(s): 9001 (http)
2019-06-17 10:09:22.649  INFO 7548 --- [           main] o.apache.catalina.core.StandardService   : Starting service [Tomcat]
2019-06-17 10:09:22.649  INFO 7548 --- [           main] org.apache.catalina.core.StandardEngine  : Starting Servlet engine: [Apache Tomcat/9.0.19]
2019-06-17 10:09:22.767  INFO 7548 --- [           main] o.a.c.c.C.[Tomcat].[localhost].[/]       : Initializing Spring embedded WebApplicationContext
2019-06-17 10:09:22.767 DEBUG 7548 --- [           main] o.s.web.context.ContextLoader            : Published root WebApplicationContext as ServletContext attribute with name [org.springframework.web.context.WebApplicationContext.ROOT]
2019-06-17 10:09:22.767  INFO 7548 --- [           main] o.s.web.context.ContextLoader            : Root WebApplicationContext: initialization completed in 1956 ms
2019-06-17 10:09:23.351 DEBUG 7548 --- [           main] o.s.w.s.handler.SimpleUrlHandlerMapping  : Patterns [/**/favicon.ico] in 'faviconHandlerMapping'
2019-06-17 10:09:23.470  INFO 7548 --- [           main] o.s.s.concurrent.ThreadPoolTaskExecutor  : Initializing ExecutorService 'applicationTaskExecutor'
2019-06-17 10:09:23.481 DEBUG 7548 --- [           main] s.w.s.m.m.a.RequestMappingHandlerAdapter : ControllerAdvice beans: 0 @ModelAttribute, 0 @InitBinder, 1 RequestBodyAdvice, 1 ResponseBodyAdvice
2019-06-17 10:09:23.560 DEBUG 7548 --- [           main] s.w.s.m.m.a.RequestMappingHandlerMapping : 5 mappings in 'requestMappingHandlerMapping'
2019-06-17 10:09:23.574 DEBUG 7548 --- [           main] o.s.w.s.handler.SimpleUrlHandlerMapping  : Patterns [/webjars/**, /**] in 'resourceHandlerMapping'
2019-06-17 10:09:23.588 DEBUG 7548 --- [           main] .m.m.a.ExceptionHandlerExceptionResolver : ControllerAdvice beans: 0 @ExceptionHandler, 1 ResponseBodyAdvice
2019-06-17 10:09:23.836  INFO 7548 --- [           main] o.s.b.a.e.web.EndpointLinksResolver      : Exposing 2 endpoint(s) beneath base path '/actuator'
2019-06-17 10:09:23.913  INFO 7548 --- [           main] o.s.b.w.embedded.tomcat.TomcatWebServer  : Tomcat started on port(s): 9001 (http) with context path ''
2019-06-17 10:09:23.917  INFO 7548 --- [           main] c.z.s.SpeakerRecognitionApiApplication   : Started SpeakerRecognitionApiApplication in 3.86 seconds (JVM running for 4.418)
2019-06-17 10:10:15.181  INFO 7548 --- [nio-9001-exec-1] o.a.c.c.C.[Tomcat].[localhost].[/]       : Initializing Spring DispatcherServlet 'dispatcherServlet'
2019-06-17 10:10:15.181  INFO 7548 --- [nio-9001-exec-1] o.s.web.servlet.DispatcherServlet        : Initializing Servlet 'dispatcherServlet'
2019-06-17 10:10:15.182 DEBUG 7548 --- [nio-9001-exec-1] o.s.web.servlet.DispatcherServlet        : Detected StandardServletMultipartResolver
2019-06-17 10:10:15.194 DEBUG 7548 --- [nio-9001-exec-1] o.s.web.servlet.DispatcherServlet        : enableLoggingRequestDetails='false': request parameters and headers will be masked to prevent unsafe logging of potentially sensitive data
2019-06-17 10:10:15.194  INFO 7548 --- [nio-9001-exec-1] o.s.web.servlet.DispatcherServlet        : Completed initialization in 13 ms
2019-06-17 10:10:15.223 DEBUG 7548 --- [nio-9001-exec-1] o.s.web.servlet.DispatcherServlet        : POST "/speaker-recognition/v1/supervised/azure//add-speaker/filesystem/", parameters={}
2019-06-17 10:10:15.237 DEBUG 7548 --- [nio-9001-exec-1] s.w.s.m.m.a.RequestMappingHandlerMapping : Mapped to public com.znclub.speaker_recognition_api.model.RecognitionStatus com.znclub.speaker_recognition_api.controller.HttpRequestController.addSpeaker(com.znclub.speaker_recognition_api.model.RecognitionRequest) throws java.lang.InterruptedException
2019-06-17 10:10:15.355 DEBUG 7548 --- [nio-9001-exec-1] m.m.a.RequestResponseBodyMethodProcessor : Read "application/json;charset=UTF-8" to [RecognitionRequest(speakerAttribute=SpeakerAttribute(speakerProfile=SpeakerProfile(profileId=null),  (truncated)...]
2019-06-17 10:10:37.891 DEBUG 7548 --- [nio-9001-exec-1] o.s.web.client.RestTemplate              : HTTP POST http://localhost:9001/mock/azure/identificationProfiles
2019-06-17 10:10:37.897 DEBUG 7548 --- [nio-9001-exec-1] o.s.web.client.RestTemplate              : Accept=[application/json, application/*+json]
2019-06-17 10:10:37.906 DEBUG 7548 --- [nio-9001-exec-1] o.s.web.client.RestTemplate              : Writing [{locale=en-us}] as "application/json"
2019-06-17 10:10:37.958 DEBUG 7548 --- [nio-9001-exec-2] o.s.web.servlet.DispatcherServlet        : POST "/mock/azure/identificationProfiles", parameters={}
2019-06-17 10:10:37.961 DEBUG 7548 --- [nio-9001-exec-2] s.w.s.m.m.a.RequestMappingHandlerMapping : Mapped to public java.util.Map<java.lang.String, java.lang.String> com.znclub.speaker_recognition_api.controller.MockAzureController.createProfile(java.util.Map<java.lang.String, java.lang.String>)
2019-06-17 10:10:37.967 DEBUG 7548 --- [nio-9001-exec-2] m.m.a.RequestResponseBodyMethodProcessor : Read "application/json;charset=UTF-8" to [{locale=en-us}]
2019-06-17 10:10:46.150 DEBUG 7548 --- [nio-9001-exec-2] m.m.a.RequestResponseBodyMethodProcessor : Using 'application/json', given [application/json, application/*+json] and supported [application/json, application/*+json, application/json, application/*+json]
2019-06-17 10:10:46.151 DEBUG 7548 --- [nio-9001-exec-2] m.m.a.RequestResponseBodyMethodProcessor : Writing [{identificationProfileId=396e15db-c58a-4c32-95b3-d74e51ed94b9}]
2019-06-17 10:10:46.160 DEBUG 7548 --- [nio-9001-exec-1] o.s.web.client.RestTemplate              : Response 200 OK
2019-06-17 10:10:46.161 DEBUG 7548 --- [nio-9001-exec-2] o.s.web.servlet.DispatcherServlet        : Completed 200 OK
2019-06-17 10:10:46.162 DEBUG 7548 --- [nio-9001-exec-1] o.s.web.client.RestTemplate              : Reading to [java.util.Map<?, ?>]
2019-06-17 10:10:53.451 DEBUG 7548 --- [nio-9001-exec-1] c.z.s.api.AzureApi                       : AZUREAPI: identificationProfileId=396e15db-c58a-4c32-95b3-d74e51ed94b9
2019-06-17 10:12:11.924 DEBUG 7548 --- [nio-9001-exec-1] o.s.web.client.RestTemplate              : HTTP POST https://westus.api.cognitive.microsoft.com/spid/v1.0/identificationProfiles/396e15db-c58a-4c32-95b3-d74e51ed94b9/enroll?shortAudio=false
2019-06-17 10:12:11.927 DEBUG 7548 --- [nio-9001-exec-1] o.s.web.client.RestTemplate              : Accept=[application/json, application/*+json]
2019-06-17 10:12:11.928 DEBUG 7548 --- [nio-9001-exec-1] o.s.web.client.RestTemplate              : Writing [{file=[src/main/resources/static/1560746474337.tmp]}] as "multipart/form-data"
2019-06-17 10:12:14.401 DEBUG 7548 --- [nio-9001-exec-1] o.s.web.client.RestTemplate              : Response 400 BAD_REQUEST
2019-06-17 10:12:14.413 DEBUG 7548 --- [nio-9001-exec-1] o.s.web.servlet.DispatcherServlet        : Failed to complete request: org.springframework.web.client.HttpClientErrorException$BadRequest: 400 Bad Request
2019-06-17 10:12:14.421 ERROR 7548 --- [nio-9001-exec-1] o.a.c.c.C.[.[.[/].[dispatcherServlet]    : Servlet.service() for servlet [dispatcherServlet] in context with path [] threw exception [Request processing failed; nested exception is org.springframework.web.client.HttpClientErrorException$BadRequest: 400 Bad Request] with root cause

org.springframework.web.client.HttpClientErrorException$BadRequest: 400 Bad Request
	at org.springframework.web.client.HttpClientErrorException.create(HttpClientErrorException.java:79) ~[spring-web-5.1.7.RELEASE.jar:5.1.7.RELEASE]
	at org.springframework.web.client.DefaultResponseErrorHandler.handleError(DefaultResponseErrorHandler.java:122) ~[spring-web-5.1.7.RELEASE.jar:5.1.7.RELEASE]
	at org.springframework.web.client.DefaultResponseErrorHandler.handleError(DefaultResponseErrorHandler.java:102) ~[spring-web-5.1.7.RELEASE.jar:5.1.7.RELEASE]
	at org.springframework.web.client.ResponseErrorHandler.handleError(ResponseErrorHandler.java:63) ~[spring-web-5.1.7.RELEASE.jar:5.1.7.RELEASE]
	at org.springframework.web.client.RestTemplate.handleResponse(RestTemplate.java:778) ~[spring-web-5.1.7.RELEASE.jar:5.1.7.RELEASE]
	at org.springframework.web.client.RestTemplate.doExecute(RestTemplate.java:736) ~[spring-web-5.1.7.RELEASE.jar:5.1.7.RELEASE]
	at org.springframework.web.client.RestTemplate.execute(RestTemplate.java:670) ~[spring-web-5.1.7.RELEASE.jar:5.1.7.RELEASE]
	at org.springframework.web.client.RestTemplate.exchange(RestTemplate.java:579) ~[spring-web-5.1.7.RELEASE.jar:5.1.7.RELEASE]
	at com.znclub.speaker_recognition_api.api.AzureApi.createEnrollment(AzureApi.java:141) ~[classes/:na]
	at com.znclub.speaker_recognition_api.service.AzureSpeakerRecognitionServiceImpl.addSpeaker(AzureSpeakerRecognitionServiceImpl.java:51) ~[classes/:na]
	at com.znclub.speaker_recognition_api.controller.HttpRequestController.addSpeaker(HttpRequestController.java:31) ~[classes/:na]
	at java.base/jdk.internal.reflect.NativeMethodAccessorImpl.invoke0(Native Method) ~[na:na]
	at java.base/jdk.internal.reflect.NativeMethodAccessorImpl.invoke(NativeMethodAccessorImpl.java:62) ~[na:na]
	at java.base/jdk.internal.reflect.DelegatingMethodAccessorImpl.invoke(DelegatingMethodAccessorImpl.java:43) ~[na:na]
	at java.base/java.lang.reflect.Method.invoke(Method.java:566) ~[na:na]
	at org.springframework.web.method.support.InvocableHandlerMethod.doInvoke(InvocableHandlerMethod.java:190) ~[spring-web-5.1.7.RELEASE.jar:5.1.7.RELEASE]
	at org.springframework.web.method.support.InvocableHandlerMethod.invokeForRequest(InvocableHandlerMethod.java:138) ~[spring-web-5.1.7.RELEASE.jar:5.1.7.RELEASE]
	at org.springframework.web.servlet.mvc.method.annotation.ServletInvocableHandlerMethod.invokeAndHandle(ServletInvocableHandlerMethod.java:104) ~[spring-webmvc-5.1.7.RELEASE.jar:5.1.7.RELEASE]
	at org.springframework.web.servlet.mvc.method.annotation.RequestMappingHandlerAdapter.invokeHandlerMethod(RequestMappingHandlerAdapter.java:892) ~[spring-webmvc-5.1.7.RELEASE.jar:5.1.7.RELEASE]
	at org.springframework.web.servlet.mvc.method.annotation.RequestMappingHandlerAdapter.handleInternal(RequestMappingHandlerAdapter.java:797) ~[spring-webmvc-5.1.7.RELEASE.jar:5.1.7.RELEASE]
	at org.springframework.web.servlet.mvc.method.AbstractHandlerMethodAdapter.handle(AbstractHandlerMethodAdapter.java:87) ~[spring-webmvc-5.1.7.RELEASE.jar:5.1.7.RELEASE]
	at org.springframework.web.servlet.DispatcherServlet.doDispatch(DispatcherServlet.java:1039) ~[spring-webmvc-5.1.7.RELEASE.jar:5.1.7.RELEASE]
	at org.springframework.web.servlet.DispatcherServlet.doService(DispatcherServlet.java:942) ~[spring-webmvc-5.1.7.RELEASE.jar:5.1.7.RELEASE]
	at org.springframework.web.servlet.FrameworkServlet.processRequest(FrameworkServlet.java:1005) ~[spring-webmvc-5.1.7.RELEASE.jar:5.1.7.RELEASE]
	at org.springframework.web.servlet.FrameworkServlet.doPost(FrameworkServlet.java:908) ~[spring-webmvc-5.1.7.RELEASE.jar:5.1.7.RELEASE]
	at javax.servlet.http.HttpServlet.service(HttpServlet.java:660) ~[tomcat-embed-core-9.0.19.jar:9.0.19]
	at org.springframework.web.servlet.FrameworkServlet.service(FrameworkServlet.java:882) ~[spring-webmvc-5.1.7.RELEASE.jar:5.1.7.RELEASE]
	at javax.servlet.http.HttpServlet.service(HttpServlet.java:741) ~[tomcat-embed-core-9.0.19.jar:9.0.19]
	at org.apache.catalina.core.ApplicationFilterChain.internalDoFilter(ApplicationFilterChain.java:231) ~[tomcat-embed-core-9.0.19.jar:9.0.19]
	at org.apache.catalina.core.ApplicationFilterChain.doFilter(ApplicationFilterChain.java:166) ~[tomcat-embed-core-9.0.19.jar:9.0.19]
	at org.apache.tomcat.websocket.server.WsFilter.doFilter(WsFilter.java:53) ~[tomcat-embed-websocket-9.0.19.jar:9.0.19]
	at org.apache.catalina.core.ApplicationFilterChain.internalDoFilter(ApplicationFilterChain.java:193) ~[tomcat-embed-core-9.0.19.jar:9.0.19]
	at org.apache.catalina.core.ApplicationFilterChain.doFilter(ApplicationFilterChain.java:166) ~[tomcat-embed-core-9.0.19.jar:9.0.19]
	at org.springframework.boot.actuate.web.trace.servlet.HttpTraceFilter.doFilterInternal(HttpTraceFilter.java:90) ~[spring-boot-actuator-2.1.5.RELEASE.jar:2.1.5.RELEASE]
	at org.springframework.web.filter.OncePerRequestFilter.doFilter(OncePerRequestFilter.java:107) ~[spring-web-5.1.7.RELEASE.jar:5.1.7.RELEASE]
	at org.apache.catalina.core.ApplicationFilterChain.internalDoFilter(ApplicationFilterChain.java:193) ~[tomcat-embed-core-9.0.19.jar:9.0.19]
	at org.apache.catalina.core.ApplicationFilterChain.doFilter(ApplicationFilterChain.java:166) ~[tomcat-embed-core-9.0.19.jar:9.0.19]
	at org.springframework.web.filter.RequestContextFilter.doFilterInternal(RequestContextFilter.java:99) ~[spring-web-5.1.7.RELEASE.jar:5.1.7.RELEASE]
	at org.springframework.web.filter.OncePerRequestFilter.doFilter(OncePerRequestFilter.java:107) ~[spring-web-5.1.7.RELEASE.jar:5.1.7.RELEASE]
	at org.apache.catalina.core.ApplicationFilterChain.internalDoFilter(ApplicationFilterChain.java:193) ~[tomcat-embed-core-9.0.19.jar:9.0.19]
	at org.apache.catalina.core.ApplicationFilterChain.doFilter(ApplicationFilterChain.java:166) ~[tomcat-embed-core-9.0.19.jar:9.0.19]
	at org.springframework.web.filter.FormContentFilter.doFilterInternal(FormContentFilter.java:92) ~[spring-web-5.1.7.RELEASE.jar:5.1.7.RELEASE]
	at org.springframework.web.filter.OncePerRequestFilter.doFilter(OncePerRequestFilter.java:107) ~[spring-web-5.1.7.RELEASE.jar:5.1.7.RELEASE]
	at org.apache.catalina.core.ApplicationFilterChain.internalDoFilter(ApplicationFilterChain.java:193) ~[tomcat-embed-core-9.0.19.jar:9.0.19]
	at org.apache.catalina.core.ApplicationFilterChain.doFilter(ApplicationFilterChain.java:166) ~[tomcat-embed-core-9.0.19.jar:9.0.19]
	at org.springframework.web.filter.HiddenHttpMethodFilter.doFilterInternal(HiddenHttpMethodFilter.java:93) ~[spring-web-5.1.7.RELEASE.jar:5.1.7.RELEASE]
	at org.springframework.web.filter.OncePerRequestFilter.doFilter(OncePerRequestFilter.java:107) ~[spring-web-5.1.7.RELEASE.jar:5.1.7.RELEASE]
	at org.apache.catalina.core.ApplicationFilterChain.internalDoFilter(ApplicationFilterChain.java:193) ~[tomcat-embed-core-9.0.19.jar:9.0.19]
	at org.apache.catalina.core.ApplicationFilterChain.doFilter(ApplicationFilterChain.java:166) ~[tomcat-embed-core-9.0.19.jar:9.0.19]
	at org.springframework.boot.actuate.metrics.web.servlet.WebMvcMetricsFilter.filterAndRecordMetrics(WebMvcMetricsFilter.java:117) ~[spring-boot-actuator-2.1.5.RELEASE.jar:2.1.5.RELEASE]
	at org.springframework.boot.actuate.metrics.web.servlet.WebMvcMetricsFilter.doFilterInternal(WebMvcMetricsFilter.java:106) ~[spring-boot-actuator-2.1.5.RELEASE.jar:2.1.5.RELEASE]
	at org.springframework.web.filter.OncePerRequestFilter.doFilter(OncePerRequestFilter.java:107) ~[spring-web-5.1.7.RELEASE.jar:5.1.7.RELEASE]
	at org.apache.catalina.core.ApplicationFilterChain.internalDoFilter(ApplicationFilterChain.java:193) ~[tomcat-embed-core-9.0.19.jar:9.0.19]
	at org.apache.catalina.core.ApplicationFilterChain.doFilter(ApplicationFilterChain.java:166) ~[tomcat-embed-core-9.0.19.jar:9.0.19]
	at org.springframework.web.filter.CharacterEncodingFilter.doFilterInternal(CharacterEncodingFilter.java:200) ~[spring-web-5.1.7.RELEASE.jar:5.1.7.RELEASE]
	at org.springframework.web.filter.OncePerRequestFilter.doFilter(OncePerRequestFilter.java:107) ~[spring-web-5.1.7.RELEASE.jar:5.1.7.RELEASE]
	at org.apache.catalina.core.ApplicationFilterChain.internalDoFilter(ApplicationFilterChain.java:193) ~[tomcat-embed-core-9.0.19.jar:9.0.19]
	at org.apache.catalina.core.ApplicationFilterChain.doFilter(ApplicationFilterChain.java:166) ~[tomcat-embed-core-9.0.19.jar:9.0.19]
	at org.apache.catalina.core.StandardWrapperValve.invoke(StandardWrapperValve.java:200) ~[tomcat-embed-core-9.0.19.jar:9.0.19]
	at org.apache.catalina.core.StandardContextValve.invoke(StandardContextValve.java:96) ~[tomcat-embed-core-9.0.19.jar:9.0.19]
	at org.apache.catalina.authenticator.AuthenticatorBase.invoke(AuthenticatorBase.java:490) ~[tomcat-embed-core-9.0.19.jar:9.0.19]
	at org.apache.catalina.core.StandardHostValve.invoke(StandardHostValve.java:139) ~[tomcat-embed-core-9.0.19.jar:9.0.19]
	at org.apache.catalina.valves.ErrorReportValve.invoke(ErrorReportValve.java:92) ~[tomcat-embed-core-9.0.19.jar:9.0.19]
	at org.apache.catalina.core.StandardEngineValve.invoke(StandardEngineValve.java:74) ~[tomcat-embed-core-9.0.19.jar:9.0.19]
	at org.apache.catalina.connector.CoyoteAdapter.service(CoyoteAdapter.java:343) ~[tomcat-embed-core-9.0.19.jar:9.0.19]
	at org.apache.coyote.http11.Http11Processor.service(Http11Processor.java:408) ~[tomcat-embed-core-9.0.19.jar:9.0.19]
	at org.apache.coyote.AbstractProcessorLight.process(AbstractProcessorLight.java:66) ~[tomcat-embed-core-9.0.19.jar:9.0.19]
	at org.apache.coyote.AbstractProtocol$ConnectionHandler.process(AbstractProtocol.java:836) ~[tomcat-embed-core-9.0.19.jar:9.0.19]
	at org.apache.tomcat.util.net.NioEndpoint$SocketProcessor.doRun(NioEndpoint.java:1747) ~[tomcat-embed-core-9.0.19.jar:9.0.19]
	at org.apache.tomcat.util.net.SocketProcessorBase.run(SocketProcessorBase.java:49) ~[tomcat-embed-core-9.0.19.jar:9.0.19]
	at java.base/java.util.concurrent.ThreadPoolExecutor.runWorker(ThreadPoolExecutor.java:1128) ~[na:na]
	at java.base/java.util.concurrent.ThreadPoolExecutor$Worker.run(ThreadPoolExecutor.java:628) ~[na:na]
	at org.apache.tomcat.util.threads.TaskThread$WrappingRunnable.run(TaskThread.java:61) ~[tomcat-embed-core-9.0.19.jar:9.0.19]
	at java.base/java.lang.Thread.run(Thread.java:834) ~[na:na]

2019-06-17 10:12:14.429 DEBUG 7548 --- [nio-9001-exec-1] o.s.web.servlet.DispatcherServlet        : "ERROR" dispatch for POST "/error", parameters={}
2019-06-17 10:12:14.434 DEBUG 7548 --- [nio-9001-exec-1] s.w.s.m.m.a.RequestMappingHandlerMapping : Mapped to public org.springframework.http.ResponseEntity<java.util.Map<java.lang.String, java.lang.Object>> org.springframework.boot.autoconfigure.web.servlet.error.BasicErrorController.error(javax.servlet.http.HttpServletRequest)
2019-06-17 10:12:14.439 DEBUG 7548 --- [nio-9001-exec-1] o.s.w.s.m.m.a.HttpEntityMethodProcessor  : Using 'application/json', given [*/*] and supported [application/json, application/*+json, application/json, application/*+json]
2019-06-17 10:12:14.440 DEBUG 7548 --- [nio-9001-exec-1] o.s.w.s.m.m.a.HttpEntityMethodProcessor  : Writing [{timestamp=Mon Jun 17 10:12:14 IST 2019, status=500, error=Internal Server Error, message=400 Bad Re (truncated)...]
2019-06-17 10:12:14.457 DEBUG 7548 --- [nio-9001-exec-1] o.s.web.servlet.DispatcherServlet        : Exiting from "ERROR" dispatch, status 500
