
  .   ____          _            __ _ _
 /\\ / ___'_ __ _ _(_)_ __  __ _ \ \ \ \
( ( )\___ | '_ | '_| | '_ \/ _` | \ \ \ \
 \\/  ___)| |_)| | | | | || (_| |  ) ) ) )
  '  |____| .__|_| |_|_| |_\__, | / / / /
 =========|_|==============|___/=/_/_/_/
 :: Spring Boot ::        (v2.1.5.RELEASE)

2019-06-19 22:43:14.824  INFO 27944 --- [           main] c.z.s.SpeakerRecognitionApiApplication   : Starting SpeakerRecognitionApiApplication on znevzz-Vostro-3478 with PID 27944 (/home/znevzz/Desktop/Projects/Others/speechtotext-using-azure-api/speaker_recognition/module/speaker_recognition_api/target/classes started by znevzz in /home/znevzz/Desktop/Projects/Others/speechtotext-using-azure-api/speaker_recognition/module/speaker_recognition_api)
2019-06-19 22:43:14.828  INFO 27944 --- [           main] c.z.s.SpeakerRecognitionApiApplication   : The following profiles are active: default,mock
2019-06-19 22:43:16.648  INFO 27944 --- [           main] o.s.b.w.embedded.tomcat.TomcatWebServer  : Tomcat initialized with port(s): 9001 (http)
2019-06-19 22:43:16.690  INFO 27944 --- [           main] o.apache.catalina.core.StandardService   : Starting service [Tomcat]
2019-06-19 22:43:16.690  INFO 27944 --- [           main] org.apache.catalina.core.StandardEngine  : Starting Servlet engine: [Apache Tomcat/9.0.19]
2019-06-19 22:43:16.803  INFO 27944 --- [           main] o.a.c.c.C.[Tomcat].[localhost].[/]       : Initializing Spring embedded WebApplicationContext
2019-06-19 22:43:16.804 DEBUG 27944 --- [           main] o.s.web.context.ContextLoader            : Published root WebApplicationContext as ServletContext attribute with name [org.springframework.web.context.WebApplicationContext.ROOT]
2019-06-19 22:43:16.804  INFO 27944 --- [           main] o.s.web.context.ContextLoader            : Root WebApplicationContext: initialization completed in 1914 ms
2019-06-19 22:43:17.365 DEBUG 27944 --- [           main] o.s.w.s.handler.SimpleUrlHandlerMapping  : Patterns [/**/favicon.ico] in 'faviconHandlerMapping'
2019-06-19 22:43:17.520  INFO 27944 --- [           main] o.s.s.concurrent.ThreadPoolTaskExecutor  : Initializing ExecutorService 'applicationTaskExecutor'
2019-06-19 22:43:17.533 DEBUG 27944 --- [           main] s.w.s.m.m.a.RequestMappingHandlerAdapter : ControllerAdvice beans: 0 @ModelAttribute, 0 @InitBinder, 1 RequestBodyAdvice, 1 ResponseBodyAdvice
2019-06-19 22:43:17.625 DEBUG 27944 --- [           main] s.w.s.m.m.a.RequestMappingHandlerMapping : 6 mappings in 'requestMappingHandlerMapping'
2019-06-19 22:43:17.638 DEBUG 27944 --- [           main] o.s.w.s.handler.SimpleUrlHandlerMapping  : Patterns [/webjars/**, /**] in 'resourceHandlerMapping'
2019-06-19 22:43:17.650 DEBUG 27944 --- [           main] .m.m.a.ExceptionHandlerExceptionResolver : ControllerAdvice beans: 0 @ExceptionHandler, 1 ResponseBodyAdvice
2019-06-19 22:43:17.846  INFO 27944 --- [           main] o.s.b.a.e.web.EndpointLinksResolver      : Exposing 2 endpoint(s) beneath base path '/actuator'
2019-06-19 22:43:17.930  INFO 27944 --- [           main] o.s.b.w.embedded.tomcat.TomcatWebServer  : Tomcat started on port(s): 9001 (http) with context path ''
2019-06-19 22:43:17.935  INFO 27944 --- [           main] c.z.s.SpeakerRecognitionApiApplication   : Started SpeakerRecognitionApiApplication in 3.711 seconds (JVM running for 4.226)
2019-06-19 22:45:36.133  INFO 27944 --- [nio-9001-exec-1] o.a.c.c.C.[Tomcat].[localhost].[/]       : Initializing Spring DispatcherServlet 'dispatcherServlet'
2019-06-19 22:45:36.136  INFO 27944 --- [nio-9001-exec-1] o.s.web.servlet.DispatcherServlet        : Initializing Servlet 'dispatcherServlet'
2019-06-19 22:45:36.137 DEBUG 27944 --- [nio-9001-exec-1] o.s.web.servlet.DispatcherServlet        : Detected StandardServletMultipartResolver
2019-06-19 22:45:36.149 DEBUG 27944 --- [nio-9001-exec-1] o.s.web.servlet.DispatcherServlet        : enableLoggingRequestDetails='false': request parameters and headers will be masked to prevent unsafe logging of potentially sensitive data
2019-06-19 22:45:36.149  INFO 27944 --- [nio-9001-exec-1] o.s.web.servlet.DispatcherServlet        : Completed initialization in 12 ms
2019-06-19 22:45:36.177 DEBUG 27944 --- [nio-9001-exec-1] o.s.web.servlet.DispatcherServlet        : POST "/speaker-recognition/v1/supervised/azure//identify-speaker/filesystem/", parameters={}
2019-06-19 22:45:36.186 DEBUG 27944 --- [nio-9001-exec-1] s.w.s.m.m.a.RequestMappingHandlerMapping : Mapped to public com.znclub.speaker_recognition_api.model.RecognitionStatus com.znclub.speaker_recognition_api.controller.HttpRequestController.identifySpeaker(com.znclub.speaker_recognition_api.model.RecognitionRequest) throws java.lang.InterruptedException
2019-06-19 22:45:36.312 DEBUG 27944 --- [nio-9001-exec-1] m.m.a.RequestResponseBodyMethodProcessor : Read "application/json;charset=UTF-8" to [RecognitionRequest(speakerAttribute=SpeakerAttribute(speakerProfile=SpeakerProfile(profileId=null),  (truncated)...]
2019-06-19 22:45:47.321 DEBUG 27944 --- [nio-9001-exec-1] c.z.s.api.AzureApi                       : AZUREAPI: url=https://westus.api.cognitive.microsoft.com/spid/v1.0/operations/75993969-078c-4c21-8e8d-03dbe60eef35
2019-06-19 22:45:47.357 DEBUG 27944 --- [nio-9001-exec-1] o.s.web.client.RestTemplate              : HTTP GET https://westus.api.cognitive.microsoft.com/spid/v1.0/operations/75993969-078c-4c21-8e8d-03dbe60eef35
2019-06-19 22:45:47.365 DEBUG 27944 --- [nio-9001-exec-1] o.s.web.client.RestTemplate              : Accept=[application/json, application/*+json]
2019-06-19 22:45:47.373 DEBUG 27944 --- [nio-9001-exec-1] o.s.web.client.RestTemplate              : Writing [{}] as "application/json"
2019-06-19 22:45:49.005 DEBUG 27944 --- [nio-9001-exec-1] o.s.web.client.RestTemplate              : Response 200 OK
2019-06-19 22:45:49.009 DEBUG 27944 --- [nio-9001-exec-1] o.s.web.client.RestTemplate              : Reading to [java.util.Map<?, ?>]
2019-06-19 22:46:19.044 DEBUG 27944 --- [nio-9001-exec-1] o.s.web.client.RestTemplate              : HTTP GET https://westus.api.cognitive.microsoft.com/spid/v1.0/operations/75993969-078c-4c21-8e8d-03dbe60eef35
2019-06-19 22:46:19.047 DEBUG 27944 --- [nio-9001-exec-1] o.s.web.client.RestTemplate              : Accept=[application/json, application/*+json]
2019-06-19 22:46:19.049 DEBUG 27944 --- [nio-9001-exec-1] o.s.web.client.RestTemplate              : Writing [{}] as "application/json"
2019-06-19 22:46:20.500 DEBUG 27944 --- [nio-9001-exec-1] o.s.web.client.RestTemplate              : Response 200 OK
2019-06-19 22:46:20.502 DEBUG 27944 --- [nio-9001-exec-1] o.s.web.client.RestTemplate              : Reading to [java.util.Map<?, ?>]
2019-06-19 22:46:20.532 DEBUG 27944 --- [nio-9001-exec-1] m.m.a.RequestResponseBodyMethodProcessor : Using 'application/json', given [*/*] and supported [application/json, application/*+json, application/json, application/*+json]
2019-06-19 22:46:20.533 DEBUG 27944 --- [nio-9001-exec-1] m.m.a.RequestResponseBodyMethodProcessor : Writing [RecognitionStatus(statusMessage=Speaker has been recognized)]
2019-06-19 22:46:20.542 DEBUG 27944 --- [nio-9001-exec-1] o.s.web.servlet.DispatcherServlet        : Completed 200 OK
2019-06-20 22:13:24.413  INFO 27944 --- [       Thread-2] o.s.s.concurrent.ThreadPoolTaskExecutor  : Shutting down ExecutorService 'applicationTaskExecutor'
